2024-04-06T04:05:44.273+03:00 ERROR 25816 --- [PipeArch] [http-nio-8080-exec-1] c.h.p.c.a.p.logging.LoggingBehavior      : Error processing command: com.halitkalayci.pipearch.application.features.brands.commands.create.CreateBrandCommand with error: null with parameters: CreateBrandCommand(name=a)
2024-04-06T04:07:13.959+03:00 ERROR 20192 --- [PipeArch] [http-nio-8080-exec-2] c.h.p.c.a.p.logging.LoggingBehavior      : Error processing command: com.halitkalayci.pipearch.application.features.brands.commands.create.CreateBrandCommand with error: null with parameters: CreateBrandCommand(name=a)
2024-04-06T04:08:03.344+03:00  INFO 19960 --- [PipeArch] [restartedMain] c.h.pipearch.PipeArchApplication         : Starting PipeArchApplication using Java 22 with PID 19960 (C:\Users\klyyc\Desktop\Projects\Java\PipeArch\target\classes started by klyyc in C:\Users\klyyc\Desktop\Projects\Java\PipeArch)
2024-04-06T04:08:03.345+03:00  INFO 19960 --- [PipeArch] [restartedMain] c.h.pipearch.PipeArchApplication         : No active profile set, falling back to 1 default profile: "default"
2024-04-06T04:08:03.399+03:00  INFO 19960 --- [PipeArch] [restartedMain] .e.DevToolsPropertyDefaultsPostProcessor : Devtools property defaults active! Set 'spring.devtools.add-properties' to 'false' to disable
2024-04-06T04:08:03.399+03:00  INFO 19960 --- [PipeArch] [restartedMain] .e.DevToolsPropertyDefaultsPostProcessor : For additional web related logging consider setting the 'logging.level.web' property to 'DEBUG'
2024-04-06T04:08:04.082+03:00  INFO 19960 --- [PipeArch] [restartedMain] .s.d.r.c.RepositoryConfigurationDelegate : Bootstrapping Spring Data JPA repositories in DEFAULT mode.
2024-04-06T04:08:04.137+03:00  INFO 19960 --- [PipeArch] [restartedMain] .s.d.r.c.RepositoryConfigurationDelegate : Finished Spring Data repository scanning in 50 ms. Found 3 JPA repository interfaces.
2024-04-06T04:08:04.679+03:00  INFO 19960 --- [PipeArch] [restartedMain] o.s.b.w.embedded.tomcat.TomcatWebServer  : Tomcat initialized with port 8080 (http)
2024-04-06T04:08:04.688+03:00  INFO 19960 --- [PipeArch] [restartedMain] o.apache.catalina.core.StandardService   : Starting service [Tomcat]
2024-04-06T04:08:04.688+03:00  INFO 19960 --- [PipeArch] [restartedMain] o.apache.catalina.core.StandardEngine    : Starting Servlet engine: [Apache Tomcat/10.1.19]
2024-04-06T04:08:04.728+03:00  INFO 19960 --- [PipeArch] [restartedMain] o.a.c.c.C.[Tomcat].[localhost].[/]       : Initializing Spring embedded WebApplicationContext
2024-04-06T04:08:04.729+03:00  INFO 19960 --- [PipeArch] [restartedMain] w.s.c.ServletWebServerApplicationContext : Root WebApplicationContext: initialization completed in 1328 ms
2024-04-06T04:08:04.830+03:00  INFO 19960 --- [PipeArch] [restartedMain] o.hibernate.jpa.internal.util.LogHelper  : HHH000204: Processing PersistenceUnitInfo [name: default]
2024-04-06T04:08:04.874+03:00  INFO 19960 --- [PipeArch] [restartedMain] org.hibernate.Version                    : HHH000412: Hibernate ORM core version 6.4.4.Final
2024-04-06T04:08:04.899+03:00  INFO 19960 --- [PipeArch] [restartedMain] o.h.c.internal.RegionFactoryInitiator    : HHH000026: Second-level cache disabled
2024-04-06T04:08:05.093+03:00  INFO 19960 --- [PipeArch] [restartedMain] o.s.o.j.p.SpringPersistenceUnitInfo      : No LoadTimeWeaver setup: ignoring JPA class transformer
2024-04-06T04:08:05.115+03:00  INFO 19960 --- [PipeArch] [restartedMain] com.zaxxer.hikari.HikariDataSource       : HikariPool-1 - Starting...
2024-04-06T04:08:05.241+03:00  INFO 19960 --- [PipeArch] [restartedMain] com.zaxxer.hikari.pool.HikariPool        : HikariPool-1 - Added connection org.postgresql.jdbc.PgConnection@3b41da2
2024-04-06T04:08:05.242+03:00  INFO 19960 --- [PipeArch] [restartedMain] com.zaxxer.hikari.HikariDataSource       : HikariPool-1 - Start completed.
2024-04-06T04:08:06.161+03:00  INFO 19960 --- [PipeArch] [restartedMain] o.h.e.t.j.p.i.JtaPlatformInitiator       : HHH000489: No JTA platform available (set 'hibernate.transaction.jta.platform' to enable JTA platform integration)
2024-04-06T04:08:06.250+03:00  INFO 19960 --- [PipeArch] [restartedMain] j.LocalContainerEntityManagerFactoryBean : Initialized JPA EntityManagerFactory for persistence unit 'default'
2024-04-06T04:08:06.698+03:00  WARN 19960 --- [PipeArch] [restartedMain] JpaBaseConfiguration$JpaWebConfiguration : spring.jpa.open-in-view is enabled by default. Therefore, database queries may be performed during view rendering. Explicitly configure spring.jpa.open-in-view to disable this warning
2024-04-06T04:08:07.209+03:00  INFO 19960 --- [PipeArch] [restartedMain] o.s.s.web.DefaultSecurityFilterChain     : Will secure any request with [org.springframework.security.web.session.DisableEncodeUrlFilter@56f0c844, org.springframework.security.web.context.request.async.WebAsyncManagerIntegrationFilter@3e44c6ed, org.springframework.security.web.context.SecurityContextHolderFilter@330ec5ed, org.springframework.security.web.header.HeaderWriterFilter@700ceca8, org.springframework.web.filter.CorsFilter@60206371, org.springframework.security.web.authentication.logout.LogoutFilter@27959dc0, com.halitkalayci.pipearch.core.security.filters.JwtAuthFilter@532aeb9e, org.springframework.security.web.savedrequest.RequestCacheAwareFilter@30678873, org.springframework.security.web.servletapi.SecurityContextHolderAwareRequestFilter@63956ded, org.springframework.security.web.access.ExceptionTranslationFilter@31a57895, org.springframework.security.web.access.intercept.AuthorizationFilter@5ddb03f]
2024-04-06T04:08:07.461+03:00  INFO 19960 --- [PipeArch] [restartedMain] o.s.b.d.a.OptionalLiveReloadServer       : LiveReload server is running on port 35729
2024-04-06T04:08:07.497+03:00  INFO 19960 --- [PipeArch] [restartedMain] o.s.b.w.embedded.tomcat.TomcatWebServer  : Tomcat started on port 8080 (http) with context path ''
2024-04-06T04:08:07.506+03:00  INFO 19960 --- [PipeArch] [restartedMain] c.h.pipearch.PipeArchApplication         : Started PipeArchApplication in 4.562 seconds (process running for 5.218)
2024-04-06T04:08:12.786+03:00  INFO 19960 --- [PipeArch] [http-nio-8080-exec-1] o.a.c.c.C.[Tomcat].[localhost].[/]       : Initializing Spring DispatcherServlet 'dispatcherServlet'
2024-04-06T04:08:12.786+03:00  INFO 19960 --- [PipeArch] [http-nio-8080-exec-1] o.s.web.servlet.DispatcherServlet        : Initializing Servlet 'dispatcherServlet'
2024-04-06T04:08:12.788+03:00  INFO 19960 --- [PipeArch] [http-nio-8080-exec-1] o.s.web.servlet.DispatcherServlet        : Completed initialization in 1 ms
2024-04-06T04:08:13.154+03:00  INFO 19960 --- [PipeArch] [http-nio-8080-exec-1] c.h.p.c.a.p.logging.LoggingBehavior      : Processing command: com.halitkalayci.pipearch.application.features.brands.commands.create.CreateBrandCommand with parameters: CreateBrandCommand(name=a)
2024-04-06T04:08:13.200+03:00 ERROR 19960 --- [PipeArch] [http-nio-8080-exec-1] c.h.p.c.a.p.logging.LoggingBehavior      : Error processing command: com.halitkalayci.pipearch.application.features.brands.commands.create.CreateBrandCommand with error: null with parameters: CreateBrandCommand(name=a)
2024-04-06T04:08:13.224+03:00  WARN 19960 --- [PipeArch] [http-nio-8080-exec-1] .m.m.a.ExceptionHandlerExceptionResolver : Resolved [com.halitkalayci.pipearch.core.utils.exceptions.types.ValidationException]
2024-04-06T04:09:49.133+03:00  INFO 19960 --- [PipeArch] [SpringApplicationShutdownHook] j.LocalContainerEntityManagerFactoryBean : Closing JPA EntityManagerFactory for persistence unit 'default'
2024-04-06T04:09:49.136+03:00  INFO 19960 --- [PipeArch] [SpringApplicationShutdownHook] com.zaxxer.hikari.HikariDataSource       : HikariPool-1 - Shutdown initiated...
2024-04-06T04:09:49.138+03:00  INFO 19960 --- [PipeArch] [SpringApplicationShutdownHook] com.zaxxer.hikari.HikariDataSource       : HikariPool-1 - Shutdown completed.
